<?xml version="1.0" encoding="UTF-8"?>
<testsuite xmlns:xsi="http://www.w3.org/2001/XMLSchema-instance" xsi:noNamespaceSchemaLocation="https://maven.apache.org/surefire/maven-surefire-plugin/xsd/surefire-test-report-3.0.xsd" version="3.0" name="org.hmis.ejercicio01.TestEjercicio1" time="0.202" tests="3" errors="0" skipped="0" failures="0">
  <properties>
[...]
</properties>
  <testcase name="testEjercicio01(int, int)[1]" classname="org.hmis.ejercicio01.TestEjercicio1" time="0.067"/>
  <testcase name="testEjercicio01(int, int)[2]" classname="org.hmis.ejercicio01.TestEjercicio1" time="0.002"/>
  <testcase name="testEjercicio01(int, int)[3]" classname="org.hmis.ejercicio01.TestEjercicio1" time="0.001"/>
</testsuite>